Producer (v1.1.2.1) - Current configuration: MEM_BRIDGE_NAME = 'PROD_CONS_EG_BRIDGE', SYNC_VAL = '10', SHARED_DATA_ARRAY_LENGTH = '2', SHARED_MEM_ACCESSES = '20', RANDOM_STRING_ALLOWED_CHARS = 'abcdefghijklmnopqrstuvwxyz1234567890', RANDOM_STRING_LENGTH = '10', RNG_SEED = '1712368067', MAX_WAIT_TIME = '3', EXTERNAL_EXEC_STATE_CHECKS = '3', TARGET_DATA_OUTPUTS = '10'. 
Producer (v1.1.2.1) - initializing memory...
Producer - Data ["          ","          "]
Producer - Data ["buwo402d6f","          "] - Producer will sleep for 1 secs...
Croducer (v1.1.2.1) - Current configuration: MEM_BRIDGE_NAME = 'PROD_CONS_EG_BRIDGE', SYNC_VAL = '10', SHARED_DATA_ARRAY_LENGTH = '2', SHARED_MEM_ACCESSES = '20', RANDOM_STRING_LENGTH = '10', RNG_SEED = '1712368067', MAX_WAIT_TIME = '3', EXTERNAL_EXEC_STATE_CHECKS = '3', TARGET_DATA_INPUTS = '10'. 
Consumer (v1.1.2.1) - connecting to shared memory...
Consumer - Data ["          ","          "] - Consumer removed "buwo402d6f". Consumer will sleep for 1 secs...
Producer - Data ["          ","rn23gvstta"] - Producer will sleep for 2 secs...
Consumer - Data ["          ","          "] - Consumer removed "rn23gvstta". Consumer will sleep for 1 secs...
Consumer - Shared array empty. Sleeping 0 secs...
Consumer - Shared array empty. Sleeping 2 secs...
Producer - Data ["rjxgpmvh9w","          "] - Producer will sleep for 2 secs...
Consumer - Data ["          ","          "] - Consumer removed "rjxgpmvh9w". Consumer will sleep for 2 secs...
Producer - Data ["          ","aqb0xu53p3"] - Producer will sleep for 3 secs...
Consumer - Data ["          ","          "] - Consumer removed "aqb0xu53p3". Consumer will sleep for 1 secs...
Consumer - Shared array empty. Sleeping 3 secs...
Producer - Data ["wu3xc2ws5t","          "] - Producer will sleep for 2 secs...
Producer - Data ["wu3xc2ws5t","rzwkljinqy"] - Producer will sleep for 3 secs...
Consumer - Data ["          ","rzwkljinqy"] - Consumer removed "wu3xc2ws5t". Consumer will sleep for 3 secs...
Producer - Data ["8xrsr1nzmp","rzwkljinqy"] - Producer will sleep for 2 secs...
Consumer - Data ["8xrsr1nzmp","          "] - Consumer removed "rzwkljinqy". Consumer will sleep for 3 secs...
Producer - Data ["8xrsr1nzmp","uc2lyzviqd"] - Producer will sleep for 1 secs...
Producer - Shared array full. Sleeping 1 secs...
Consumer - Data ["          ","uc2lyzviqd"] - Consumer removed "8xrsr1nzmp". Consumer will sleep for 3 secs...
Producer - Data ["nylbsizmv3","uc2lyzviqd"] - Producer will sleep for 2 secs...
Producer - Shared array full. Sleeping 1 secs...
Consumer - Data ["nylbsizmv3","          "] - Consumer removed "uc2lyzviqd". Consumer will sleep for 1 secs...
Producer - Data ["nylbsizmv3","j07p22el47"] - Producer will sleep for 3 secs...
Producer - Produced 10 objects to shared data array.
Producer - waiting for signal to cleanup shared memory... (sleeping for 3 secs)
Consumer - Data ["          ","j07p22el47"] - Consumer removed "nylbsizmv3". Consumer will sleep for 2 secs...
Consumer - Data ["          ","          "] - Consumer removed "j07p22el47". Consumer will sleep for 1 secs...
Consumer - Took 10 objects from shared data array.
Consumer - runtime ended.
Producer - runtime ended.
