Producer (v1.1.2.1) - Current configuration: MEM_BRIDGE_NAME = 'PROD_CONS_EG_BRIDGE', SYNC_VAL = '10', SHARED_DATA_ARRAY_LENGTH = '2', SHARED_MEM_ACCESSES = '20', RANDOM_STRING_ALLOWED_CHARS = 'abcdefghijklmnopqrstuvwxyz1234567890', RANDOM_STRING_LENGTH = '10', RNG_SEED = '1712368166', MAX_WAIT_TIME = '3', EXTERNAL_EXEC_STATE_CHECKS = '3', TARGET_DATA_OUTPUTS = '10'. 
Producer (v1.1.2.1) - initializing memory...
Producer - Data ["          ","          "]
Producer - Data ["rfvw6xop65","          "] - Producer will sleep for 1 secs...
Croducer (v1.1.2.1) - Current configuration: MEM_BRIDGE_NAME = 'PROD_CONS_EG_BRIDGE', SYNC_VAL = '10', SHARED_DATA_ARRAY_LENGTH = '2', SHARED_MEM_ACCESSES = '20', RANDOM_STRING_LENGTH = '10', RNG_SEED = '1712368166', MAX_WAIT_TIME = '3', EXTERNAL_EXEC_STATE_CHECKS = '3', TARGET_DATA_INPUTS = '10'. 
Consumer (v1.1.2.1) - connecting to shared memory...
Consumer - Data ["          ","          "] - Consumer removed "rfvw6xop65". Consumer will sleep for 1 secs...
Consumer - Shared array empty. Sleeping 1 secs...
Producer - Data ["          ","5h8t4uzveh"] - Producer will sleep for 0 secs...
Producer - Data ["ns1x9l26vy","5h8t4uzveh"] - Producer will sleep for 2 secs...
Consumer - Data ["ns1x9l26vy","          "] - Consumer removed "5h8t4uzveh". Consumer will sleep for 1 secs...
Producer - Data ["ns1x9l26vy","g12kfgvpd6"] - Producer will sleep for 0 secs...
Consumer - Data ["          ","g12kfgvpd6"] - Consumer removed "ns1x9l26vy". Consumer will sleep for 1 secs...
Producer - Data ["qp6bu8f2xt","g12kfgvpd6"] - Producer will sleep for 2 secs...
Consumer - Data ["qp6bu8f2xt","          "] - Consumer removed "g12kfgvpd6". Consumer will sleep for 2 secs...
Producer - Data ["qp6bu8f2xt","4whe4sz99m"] - Producer will sleep for 1 secs...
Consumer - Data ["          ","4whe4sz99m"] - Consumer removed "qp6bu8f2xt". Consumer will sleep for 3 secs...
Producer - Data ["1wz7hepsg7","4whe4sz99m"] - Producer will sleep for 0 secs...
Producer - Shared array full. Sleeping 1 secs...
Producer - Shared array full. Sleeping 2 secs...
Consumer - Data ["1wz7hepsg7","          "] - Consumer removed "4whe4sz99m". Consumer will sleep for 3 secs...
Producer - Data ["1wz7hepsg7","rp9ic89l0v"] - Producer will sleep for 1 secs...
Producer - Shared array full. Sleeping 3 secs...
Consumer - Data ["          ","rp9ic89l0v"] - Consumer removed "1wz7hepsg7". Consumer will sleep for 2 secs...
Producer - Data ["efhsrlitrv","rp9ic89l0v"] - Producer will sleep for 1 secs...
Consumer - Data ["efhsrlitrv","          "] - Consumer removed "rp9ic89l0v". Consumer will sleep for 3 secs...
Producer - Data ["efhsrlitrv","bayimw1ftv"] - Producer will sleep for 2 secs...
Producer - Produced 10 objects to shared data array.
Producer - waiting for signal to cleanup shared memory... (sleeping for 3 secs)
Consumer - Data ["          ","bayimw1ftv"] - Consumer removed "efhsrlitrv". Consumer will sleep for 3 secs...
Producer - waiting for signal to cleanup shared memory... (sleeping for 3 secs)
Consumer - Data ["          ","          "] - Consumer removed "bayimw1ftv". Consumer will sleep for 2 secs...
Consumer - Took 10 objects from shared data array.
Consumer - runtime ended.
Producer - runtime ended.
